<?xml version="1.0" encoding="UTF-8"?>
<!-- Generated by org.testng.reporters.JUnitReportReporter -->
<testsuite hostname="5CD127F76Z" failures="0" tests="1" name="com.netBanking.testCases.TC_LoginTest_001" time="27.946" errors="0" timestamp="2022-07-06T21:39:26 IST" skipped="0">
  <testcase classname="com.netBanking.testCases.TC_LoginTest_001" name="LoginTest" time="27.946"/>
  <system-out/>
</testsuite> <!-- com.netBanking.testCases.TC_LoginTest_001 -->
