<?xml version="1.0" encoding="UTF-8"?>
<!-- Generated by org.testng.reporters.JUnitReportReporter -->
<testsuite hostname="5CD127F76Z" failures="0" tests="1" name="com.netBanking.testCases.TC_LoginTest_002" time="43.415" errors="0" timestamp="2022-07-06T21:39:26 IST" skipped="0">
  <testcase classname="com.netBanking.testCases.TC_LoginTest_002" name="newCustomer" time="43.415"/>
  <system-out/>
</testsuite> <!-- com.netBanking.testCases.TC_LoginTest_002 -->
